[0.678s] Invoking command in '/home/p-awr/Repos/pc_classifier/src/pc_c': PYTHONPATH=/home/p-awr/Repos/pc_classifier/build/pc_c/prefix_override:/home/p-awr/Repos/pc_classifier/install/pc_c/lib/python3.10/site-packages:${PYTHONPATH} /usr/bin/python3 -W ignore:setup.py install is deprecated setup.py egg_info --egg-base ../../build/pc_c build --build-base /home/p-awr/Repos/pc_classifier/build/pc_c/build install --record /home/p-awr/Repos/pc_classifier/build/pc_c/install.log --single-version-externally-managed install_data
[0.901s] running egg_info
[0.917s] writing ../../build/pc_c/pc_c.egg-info/PKG-INFO
[0.917s] writing dependency_links to ../../build/pc_c/pc_c.egg-info/dependency_links.txt
[0.917s] writing entry points to ../../build/pc_c/pc_c.egg-info/entry_points.txt
[0.917s] writing requirements to ../../build/pc_c/pc_c.egg-info/requires.txt
[0.918s] writing top-level names to ../../build/pc_c/pc_c.egg-info/top_level.txt
[0.949s] reading manifest file '../../build/pc_c/pc_c.egg-info/SOURCES.txt'
[0.949s] adding license file 'LICENSE'
[0.950s] writing manifest file '../../build/pc_c/pc_c.egg-info/SOURCES.txt'
[0.950s] running build
[0.950s] running build_py
[0.950s] copying pc_c/LidarReaderNode.py -> /home/p-awr/Repos/pc_classifier/build/pc_c/build/lib/pc_c
[0.951s] copying pc_c/__init__.py -> /home/p-awr/Repos/pc_classifier/build/pc_c/build/lib/pc_c
[0.951s] copying pc_c/DisplayNode.py -> /home/p-awr/Repos/pc_classifier/build/pc_c/build/lib/pc_c
[0.951s] copying pc_c/ClassifierNode.py -> /home/p-awr/Repos/pc_classifier/build/pc_c/build/lib/pc_c
[0.951s] running install
[0.956s] running install_lib
[0.972s] running install_data
[0.972s] copying resource/pc_c -> /home/p-awr/Repos/pc_classifier/install/pc_c/share/ament_index/resource_index/packages
[0.972s] copying package.xml -> /home/p-awr/Repos/pc_classifier/install/pc_c/share/pc_c
[0.972s] running install_egg_info
[0.988s] removing '/home/p-awr/Repos/pc_classifier/install/pc_c/lib/python3.10/site-packages/pc_c-0.0.0-py3.10.egg-info' (and everything under it)
[0.989s] Copying ../../build/pc_c/pc_c.egg-info to /home/p-awr/Repos/pc_classifier/install/pc_c/lib/python3.10/site-packages/pc_c-0.0.0-py3.10.egg-info
[0.989s] running install_scripts
[1.118s] Installing classify script to /home/p-awr/Repos/pc_classifier/install/pc_c/lib/pc_c
[1.118s] Installing display script to /home/p-awr/Repos/pc_classifier/install/pc_c/lib/pc_c
[1.119s] Installing lidar script to /home/p-awr/Repos/pc_classifier/install/pc_c/lib/pc_c
[1.119s] writing list of installed files to '/home/p-awr/Repos/pc_classifier/build/pc_c/install.log'
[1.141s] Invoked command in '/home/p-awr/Repos/pc_classifier/src/pc_c' returned '0': PYTHONPATH=/home/p-awr/Repos/pc_classifier/build/pc_c/prefix_override:/home/p-awr/Repos/pc_classifier/install/pc_c/lib/python3.10/site-packages:${PYTHONPATH} /usr/bin/python3 -W ignore:setup.py install is deprecated setup.py egg_info --egg-base ../../build/pc_c build --build-base /home/p-awr/Repos/pc_classifier/build/pc_c/build install --record /home/p-awr/Repos/pc_classifier/build/pc_c/install.log --single-version-externally-managed install_data
