[0.098s] DEBUG:colcon:Command line arguments: ['/usr/bin/colcon', 'build', '--symlink-install']
[0.098s] DEBUG:colcon:Parsed command line arguments: Namespace(log_base=None, log_level=None, verb_name='build', build_base='build', install_base='install', merge_install=False, symlink_install=True, test_result_base=None, continue_on_error=False, executor='parallel', parallel_workers=8, event_handlers=None, ignore_user_meta=False, metas=['./colcon.meta'], base_paths=['.'], packages_ignore=None, packages_ignore_regex=None, paths=None, packages_up_to=None, packages_up_to_regex=None, packages_above=None, packages_above_and_dependencies=None, packages_above_depth=None, packages_select_by_dep=None, packages_skip_by_dep=None, packages_skip_up_to=None, packages_select_build_failed=False, packages_skip_build_finished=False, packages_select_test_failures=False, packages_skip_test_passed=False, packages_select=None, packages_skip=None, packages_select_regex=None, packages_skip_regex=None, packages_start=None, packages_end=None, allow_overriding=[], cmake_args=None, cmake_target=None, cmake_target_skip_unavailable=False, cmake_clean_cache=False, cmake_clean_first=False, cmake_force_configure=False, ament_cmake_args=None, catkin_cmake_args=None, catkin_skip_building_tests=False, mixin_files=None, mixin=None, verb_parser=<colcon_mixin.mixin.mixin_argument.MixinArgumentDecorator object at 0x722a7264b130>, verb_extension=<colcon_core.verb.build.BuildVerb object at 0x722a7264aaa0>, main=<bound method BuildVerb.main of <colcon_core.verb.build.BuildVerb object at 0x722a7264aaa0>>, mixin_verb=('build',))
[0.132s] Level 1:colcon.colcon_core.package_discovery:discover_packages(colcon_meta) check parameters
[0.132s] Level 1:colcon.colcon_core.package_discovery:discover_packages(recursive) check parameters
[0.132s] Level 1:colcon.colcon_core.package_discovery:discover_packages(ignore) check parameters
[0.133s] Level 1:colcon.colcon_core.package_discovery:discover_packages(path) check parameters
[0.133s] Level 1:colcon.colcon_core.package_discovery:discover_packages(colcon_meta) discover
[0.133s] Level 1:colcon.colcon_core.package_discovery:discover_packages(recursive) discover
[0.133s] INFO:colcon.colcon_core.package_discovery:Crawling recursively for packages in '/home/p-awr/Repos/pc_classifier'
[0.133s] Level 1:colcon.colcon_core.package_identification:_identify(.) by extensions ['ignore', 'ignore_ament_install']
[0.133s] Level 1:colcon.colcon_core.package_identification:_identify(.) by extension 'ignore'
[0.133s] Level 1:colcon.colcon_core.package_identification:_identify(.) by extension 'ignore_ament_install'
[0.133s] Level 1:colcon.colcon_core.package_identification:_identify(.) by extensions ['colcon_pkg']
[0.133s] Level 1:colcon.colcon_core.package_identification:_identify(.) by extension 'colcon_pkg'
[0.133s] Level 1:colcon.colcon_core.package_identification:_identify(.) by extensions ['colcon_meta']
[0.133s] Level 1:colcon.colcon_core.package_identification:_identify(.) by extension 'colcon_meta'
[0.133s] Level 1:colcon.colcon_core.package_identification:_identify(.) by extensions ['ros']
[0.133s] Level 1:colcon.colcon_core.package_identification:_identify(.) by extension 'ros'
[0.146s] Level 1:colcon.colcon_core.package_identification:_identify(.) by extensions ['cmake', 'python']
[0.146s] Level 1:colcon.colcon_core.package_identification:_identify(.) by extension 'cmake'
[0.146s] Level 1:colcon.colcon_core.package_identification:_identify(.) by extension 'python'
[0.146s] Level 1:colcon.colcon_core.package_identification:_identify(.) by extensions ['python_setup_py']
[0.146s] Level 1:colcon.colcon_core.package_identification:_identify(.) by extension 'python_setup_py'
[0.147s] Level 1:colcon.colcon_core.package_identification:_identify(build) by extensions ['ignore', 'ignore_ament_install']
[0.147s] Level 1:colcon.colcon_core.package_identification:_identify(build) by extension 'ignore'
[0.147s] Level 1:colcon.colcon_core.package_identification:_identify(build) ignored
[0.147s] Level 1:colcon.colcon_core.package_identification:_identify(install) by extensions ['ignore', 'ignore_ament_install']
[0.147s] Level 1:colcon.colcon_core.package_identification:_identify(install) by extension 'ignore'
[0.147s] Level 1:colcon.colcon_core.package_identification:_identify(install) ignored
[0.147s] Level 1:colcon.colcon_core.package_identification:_identify(log) by extensions ['ignore', 'ignore_ament_install']
[0.147s] Level 1:colcon.colcon_core.package_identification:_identify(log) by extension 'ignore'
[0.147s] Level 1:colcon.colcon_core.package_identification:_identify(log) ignored
[0.147s] Level 1:colcon.colcon_core.package_identification:_identify(src) by extensions ['ignore', 'ignore_ament_install']
[0.148s] Level 1:colcon.colcon_core.package_identification:_identify(src) by extension 'ignore'
[0.148s] Level 1:colcon.colcon_core.package_identification:_identify(src) by extension 'ignore_ament_install'
[0.148s] Level 1:colcon.colcon_core.package_identification:_identify(src) by extensions ['colcon_pkg']
[0.148s] Level 1:colcon.colcon_core.package_identification:_identify(src) by extension 'colcon_pkg'
[0.148s] Level 1:colcon.colcon_core.package_identification:_identify(src) by extensions ['colcon_meta']
[0.148s] Level 1:colcon.colcon_core.package_identification:_identify(src) by extension 'colcon_meta'
[0.148s] Level 1:colcon.colcon_core.package_identification:_identify(src) by extensions ['ros']
[0.148s] Level 1:colcon.colcon_core.package_identification:_identify(src) by extension 'ros'
[0.148s] Level 1:colcon.colcon_core.package_identification:_identify(src) by extensions ['cmake', 'python']
[0.148s] Level 1:colcon.colcon_core.package_identification:_identify(src) by extension 'cmake'
[0.148s] Level 1:colcon.colcon_core.package_identification:_identify(src) by extension 'python'
[0.148s] Level 1:colcon.colcon_core.package_identification:_identify(src) by extensions ['python_setup_py']
[0.148s] Level 1:colcon.colcon_core.package_identification:_identify(src) by extension 'python_setup_py'
[0.148s] Level 1:colcon.colcon_core.package_identification:_identify(src/pc_c) by extensions ['ignore', 'ignore_ament_install']
[0.148s] Level 1:colcon.colcon_core.package_identification:_identify(src/pc_c) by extension 'ignore'
[0.148s] Level 1:colcon.colcon_core.package_identification:_identify(src/pc_c) by extension 'ignore_ament_install'
[0.148s] Level 1:colcon.colcon_core.package_identification:_identify(src/pc_c) by extensions ['colcon_pkg']
[0.149s] Level 1:colcon.colcon_core.package_identification:_identify(src/pc_c) by extension 'colcon_pkg'
[0.149s] Level 1:colcon.colcon_core.package_identification:_identify(src/pc_c) by extensions ['colcon_meta']
[0.149s] Level 1:colcon.colcon_core.package_identification:_identify(src/pc_c) by extension 'colcon_meta'
[0.149s] Level 1:colcon.colcon_core.package_identification:_identify(src/pc_c) by extensions ['ros']
[0.149s] Level 1:colcon.colcon_core.package_identification:_identify(src/pc_c) by extension 'ros'
[0.151s] DEBUG:colcon.colcon_core.package_identification:Package 'src/pc_c' with type 'ros.ament_python' and name 'pc_c'
[0.151s] Level 1:colcon.colcon_core.package_discovery:discover_packages(recursive) using defaults
[0.151s] Level 1:colcon.colcon_core.package_discovery:discover_packages(ignore) discover
[0.151s] Level 1:colcon.colcon_core.package_discovery:discover_packages(ignore) using defaults
[0.151s] Level 1:colcon.colcon_core.package_discovery:discover_packages(path) discover
[0.151s] Level 1:colcon.colcon_core.package_discovery:discover_packages(path) using defaults
[0.168s] Level 1:colcon.colcon_core.package_discovery:discover_packages(prefix_path) check parameters
[0.168s] Level 1:colcon.colcon_core.package_discovery:discover_packages(prefix_path) discover
[0.168s] WARNING:colcon.colcon_core.prefix_path.colcon:The path '/home/p-awr/Repos/point_cloud_classifier/install' in the environment variable COLCON_PREFIX_PATH doesn't exist
[0.168s] WARNING:colcon.colcon_ros.prefix_path.ament:The path '/home/p-awr/Repos/point_cloud_classifier/install/pc_classifier_pkg' in the environment variable AMENT_PREFIX_PATH doesn't exist
[0.170s] DEBUG:colcon.colcon_installed_package_information.package_discovery:Found 289 installed packages in /opt/ros/humble
[0.171s] Level 1:colcon.colcon_core.package_discovery:discover_packages(prefix_path) using defaults
[0.208s] Level 5:colcon.colcon_core.verb:set package 'pc_c' build argument 'cmake_args' from command line to 'None'
[0.208s] Level 5:colcon.colcon_core.verb:set package 'pc_c' build argument 'cmake_target' from command line to 'None'
[0.208s] Level 5:colcon.colcon_core.verb:set package 'pc_c' build argument 'cmake_target_skip_unavailable' from command line to 'False'
[0.208s] Level 5:colcon.colcon_core.verb:set package 'pc_c' build argument 'cmake_clean_cache' from command line to 'False'
[0.208s] Level 5:colcon.colcon_core.verb:set package 'pc_c' build argument 'cmake_clean_first' from command line to 'False'
[0.208s] Level 5:colcon.colcon_core.verb:set package 'pc_c' build argument 'cmake_force_configure' from command line to 'False'
[0.208s] Level 5:colcon.colcon_core.verb:set package 'pc_c' build argument 'ament_cmake_args' from command line to 'None'
[0.208s] Level 5:colcon.colcon_core.verb:set package 'pc_c' build argument 'catkin_cmake_args' from command line to 'None'
[0.208s] Level 5:colcon.colcon_core.verb:set package 'pc_c' build argument 'catkin_skip_building_tests' from command line to 'False'
[0.208s] DEBUG:colcon.colcon_core.verb:Building package 'pc_c' with the following arguments: {'ament_cmake_args': None, 'build_base': '/home/p-awr/Repos/pc_classifier/build/pc_c', 'catkin_cmake_args': None, 'catkin_skip_building_tests': False, 'cmake_args': None, 'cmake_clean_cache': False, 'cmake_clean_first': False, 'cmake_force_configure': False, 'cmake_target': None, 'cmake_target_skip_unavailable': False, 'install_base': '/home/p-awr/Repos/pc_classifier/install/pc_c', 'merge_install': False, 'path': '/home/p-awr/Repos/pc_classifier/src/pc_c', 'symlink_install': True, 'test_result_base': None}
[0.209s] INFO:colcon.colcon_core.executor:Executing jobs using 'parallel' executor
[0.210s] DEBUG:colcon.colcon_parallel_executor.executor.parallel:run_until_complete
[0.210s] INFO:colcon.colcon_ros.task.ament_python.build:Building ROS package in '/home/p-awr/Repos/pc_classifier/src/pc_c' with build type 'ament_python'
[0.210s] Level 1:colcon.colcon_core.shell:create_environment_hook('pc_c', 'ament_prefix_path')
[0.212s] INFO:colcon.colcon_core.plugin_system:Skipping extension 'colcon_core.shell.bat': Not used on non-Windows systems
[0.212s] INFO:colcon.colcon_core.shell:Creating environment hook '/home/p-awr/Repos/pc_classifier/install/pc_c/share/pc_c/hook/ament_prefix_path.ps1'
[0.212s] INFO:colcon.colcon_core.shell:Creating environment descriptor '/home/p-awr/Repos/pc_classifier/install/pc_c/share/pc_c/hook/ament_prefix_path.dsv'
[0.213s] INFO:colcon.colcon_core.shell:Creating environment hook '/home/p-awr/Repos/pc_classifier/install/pc_c/share/pc_c/hook/ament_prefix_path.sh'
[0.213s] INFO:colcon.colcon_core.shell:Skip shell extension 'powershell' for command environment: Not usable outside of PowerShell
[0.213s] DEBUG:colcon.colcon_core.shell:Skip shell extension 'dsv' for command environment
[0.412s] INFO:colcon.colcon_core.task.python.build:Building Python package in '/home/p-awr/Repos/pc_classifier/src/pc_c'
[0.412s] INFO:colcon.colcon_core.shell:Skip shell extension 'powershell' for command environment: Not usable outside of PowerShell
[0.412s] DEBUG:colcon.colcon_core.shell:Skip shell extension 'dsv' for command environment
[0.909s] DEBUG:colcon.colcon_core.event_handler.log_command:Invoking command in '/home/p-awr/Repos/pc_classifier/build/pc_c': PYTHONPATH=/home/p-awr/Repos/pc_classifier/build/pc_c/prefix_override:/home/p-awr/Repos/pc_classifier/install/pc_c/lib/python3.10/site-packages:${PYTHONPATH} /usr/bin/python3 -W ignore:setup.py install is deprecated setup.py develop --editable --build-directory /home/p-awr/Repos/pc_classifier/build/pc_c/build --no-deps symlink_data
[1.500s] Level 1:colcon.colcon_core.shell:create_environment_hook('pc_c', 'pythonpath_develop')
[1.500s] INFO:colcon.colcon_core.shell:Creating environment hook '/home/p-awr/Repos/pc_classifier/build/pc_c/share/pc_c/hook/pythonpath_develop.ps1'
[1.500s] DEBUG:colcon.colcon_core.event_handler.log_command:Invoked command in '/home/p-awr/Repos/pc_classifier/build/pc_c' returned '0': PYTHONPATH=/home/p-awr/Repos/pc_classifier/build/pc_c/prefix_override:/home/p-awr/Repos/pc_classifier/install/pc_c/lib/python3.10/site-packages:${PYTHONPATH} /usr/bin/python3 -W ignore:setup.py install is deprecated setup.py develop --editable --build-directory /home/p-awr/Repos/pc_classifier/build/pc_c/build --no-deps symlink_data
[1.501s] INFO:colcon.colcon_core.shell:Creating environment descriptor '/home/p-awr/Repos/pc_classifier/build/pc_c/share/pc_c/hook/pythonpath_develop.dsv'
[1.501s] INFO:colcon.colcon_core.shell:Creating environment hook '/home/p-awr/Repos/pc_classifier/build/pc_c/share/pc_c/hook/pythonpath_develop.sh'
[1.503s] Level 1:colcon.colcon_core.environment:checking '/home/p-awr/Repos/pc_classifier/install/pc_c' for CMake module files
[1.503s] Level 1:colcon.colcon_core.environment:checking '/home/p-awr/Repos/pc_classifier/install/pc_c' for CMake config files
[1.504s] Level 1:colcon.colcon_core.environment:checking '/home/p-awr/Repos/pc_classifier/install/pc_c/lib'
[1.504s] Level 1:colcon.colcon_core.environment:checking '/home/p-awr/Repos/pc_classifier/install/pc_c/bin'
[1.504s] Level 1:colcon.colcon_core.environment:checking '/home/p-awr/Repos/pc_classifier/install/pc_c/lib/pkgconfig/pc_c.pc'
[1.504s] Level 1:colcon.colcon_core.environment:checking '/home/p-awr/Repos/pc_classifier/install/pc_c/lib/python3.10/site-packages'
[1.504s] Level 1:colcon.colcon_core.shell:create_environment_hook('pc_c', 'pythonpath')
[1.505s] INFO:colcon.colcon_core.shell:Creating environment hook '/home/p-awr/Repos/pc_classifier/install/pc_c/share/pc_c/hook/pythonpath.ps1'
[1.505s] INFO:colcon.colcon_core.shell:Creating environment descriptor '/home/p-awr/Repos/pc_classifier/install/pc_c/share/pc_c/hook/pythonpath.dsv'
[1.505s] INFO:colcon.colcon_core.shell:Creating environment hook '/home/p-awr/Repos/pc_classifier/install/pc_c/share/pc_c/hook/pythonpath.sh'
[1.505s] Level 1:colcon.colcon_core.environment:checking '/home/p-awr/Repos/pc_classifier/install/pc_c/bin'
[1.506s] Level 1:colcon.colcon_core.environment:create_environment_scripts_only(pc_c)
[1.506s] INFO:colcon.colcon_core.shell:Creating package script '/home/p-awr/Repos/pc_classifier/install/pc_c/share/pc_c/package.ps1'
[1.507s] INFO:colcon.colcon_core.shell:Creating package descriptor '/home/p-awr/Repos/pc_classifier/install/pc_c/share/pc_c/package.dsv'
[1.507s] INFO:colcon.colcon_core.shell:Creating package script '/home/p-awr/Repos/pc_classifier/install/pc_c/share/pc_c/package.sh'
[1.508s] INFO:colcon.colcon_core.shell:Creating package script '/home/p-awr/Repos/pc_classifier/install/pc_c/share/pc_c/package.bash'
[1.508s] INFO:colcon.colcon_core.shell:Creating package script '/home/p-awr/Repos/pc_classifier/install/pc_c/share/pc_c/package.zsh'
[1.509s] Level 1:colcon.colcon_core.environment:create_file_with_runtime_dependencies(/home/p-awr/Repos/pc_classifier/install/pc_c/share/colcon-core/packages/pc_c)
[1.509s] DEBUG:colcon.colcon_parallel_executor.executor.parallel:closing loop
[1.509s] DEBUG:colcon.colcon_parallel_executor.executor.parallel:loop closed
[1.509s] DEBUG:colcon.colcon_parallel_executor.executor.parallel:run_until_complete finished with '0'
[1.509s] DEBUG:colcon.colcon_core.event_reactor:joining thread
[1.513s] INFO:colcon.colcon_core.plugin_system:Skipping extension 'colcon_notification.desktop_notification.terminal_notifier': Not used on non-Darwin systems
[1.513s] INFO:colcon.colcon_core.plugin_system:Skipping extension 'colcon_notification.desktop_notification.win32': Not used on non-Windows systems
[1.514s] INFO:colcon.colcon_notification.desktop_notification:Sending desktop notification using 'notify2'
[1.524s] DEBUG:colcon.colcon_core.event_reactor:joined thread
[1.524s] INFO:colcon.colcon_core.shell:Creating prefix script '/home/p-awr/Repos/pc_classifier/install/local_setup.ps1'
[1.525s] INFO:colcon.colcon_core.shell:Creating prefix util module '/home/p-awr/Repos/pc_classifier/install/_local_setup_util_ps1.py'
[1.526s] INFO:colcon.colcon_core.shell:Creating prefix chain script '/home/p-awr/Repos/pc_classifier/install/setup.ps1'
[1.527s] INFO:colcon.colcon_core.shell:Creating prefix script '/home/p-awr/Repos/pc_classifier/install/local_setup.sh'
[1.528s] INFO:colcon.colcon_core.shell:Creating prefix util module '/home/p-awr/Repos/pc_classifier/install/_local_setup_util_sh.py'
[1.528s] INFO:colcon.colcon_core.shell:Creating prefix chain script '/home/p-awr/Repos/pc_classifier/install/setup.sh'
[1.529s] INFO:colcon.colcon_core.shell:Creating prefix script '/home/p-awr/Repos/pc_classifier/install/local_setup.bash'
[1.529s] INFO:colcon.colcon_core.shell:Creating prefix chain script '/home/p-awr/Repos/pc_classifier/install/setup.bash'
[1.530s] INFO:colcon.colcon_core.shell:Creating prefix script '/home/p-awr/Repos/pc_classifier/install/local_setup.zsh'
[1.531s] INFO:colcon.colcon_core.shell:Creating prefix chain script '/home/p-awr/Repos/pc_classifier/install/setup.zsh'
