running develop
/home/p-awr/.local/lib/python3.10/site-packages/setuptools/command/develop.py:40: EasyInstallDeprecationWarning: easy_install command is deprecated.
!!

        ********************************************************************************
        Please avoid running ``setup.py`` and ``easy_install``.
        Instead, use pypa/build, pypa/installer or other
        standards-based tools.

        See https://github.com/pypa/setuptools/issues/917 for details.
        ********************************************************************************

!!
  easy_install.initialize_options(self)
running egg_info
creating pc_c.egg-info
writing pc_c.egg-info/PKG-INFO
writing dependency_links to pc_c.egg-info/dependency_links.txt
writing requirements to pc_c.egg-info/requires.txt
writing top-level names to pc_c.egg-info/top_level.txt
writing manifest file 'pc_c.egg-info/SOURCES.txt'
reading manifest file 'pc_c.egg-info/SOURCES.txt'
writing manifest file 'pc_c.egg-info/SOURCES.txt'
running build_ext
Creating /home/p-awr/Repos/pc_classifier/install/pc_c/lib/python3.10/site-packages/pc-c.egg-link (link to .)

Installed /home/p-awr/Repos/pc_classifier/build/pc_c
running symlink_data
creating /home/p-awr/Repos/pc_classifier/install/pc_c/share/ament_index
creating /home/p-awr/Repos/pc_classifier/install/pc_c/share/ament_index/resource_index
creating /home/p-awr/Repos/pc_classifier/install/pc_c/share/ament_index/resource_index/packages
symbolically linking /home/p-awr/Repos/pc_classifier/build/pc_c/resource/pc_c -> /home/p-awr/Repos/pc_classifier/install/pc_c/share/ament_index/resource_index/packages
symbolically linking /home/p-awr/Repos/pc_classifier/build/pc_c/package.xml -> /home/p-awr/Repos/pc_classifier/install/pc_c/share/pc_c
