[0.698s] Invoking command in '/home/p-awr/Repos/pc_classifier/build/pc_c': PYTHONPATH=/home/p-awr/Repos/pc_classifier/build/pc_c/prefix_override:/home/p-awr/Repos/pc_classifier/install/pc_c/lib/python3.10/site-packages:${PYTHONPATH} /usr/bin/python3 -W ignore:setup.py install is deprecated setup.py develop --editable --build-directory /home/p-awr/Repos/pc_classifier/build/pc_c/build --no-deps symlink_data
[0.992s] running develop
[0.992s] /home/p-awr/.local/lib/python3.10/site-packages/setuptools/command/develop.py:40: EasyInstallDeprecationWarning: easy_install command is deprecated.
[0.992s] !!
[0.993s] 
[0.993s]         ********************************************************************************
[0.993s]         Please avoid running ``setup.py`` and ``easy_install``.
[0.993s]         Instead, use pypa/build, pypa/installer or other
[0.993s]         standards-based tools.
[0.993s] 
[0.993s]         See https://github.com/pypa/setuptools/issues/917 for details.
[0.993s]         ********************************************************************************
[0.993s] 
[0.993s] !!
[0.993s]   easy_install.initialize_options(self)
[1.198s] running egg_info
[1.198s] creating pc_c.egg-info
[1.213s] writing pc_c.egg-info/PKG-INFO
[1.214s] writing dependency_links to pc_c.egg-info/dependency_links.txt
[1.214s] writing requirements to pc_c.egg-info/requires.txt
[1.214s] writing top-level names to pc_c.egg-info/top_level.txt
[1.214s] writing manifest file 'pc_c.egg-info/SOURCES.txt'
[1.246s] reading manifest file 'pc_c.egg-info/SOURCES.txt'
[1.247s] writing manifest file 'pc_c.egg-info/SOURCES.txt'
[1.263s] running build_ext
[1.263s] Creating /home/p-awr/Repos/pc_classifier/install/pc_c/lib/python3.10/site-packages/pc-c.egg-link (link to .)
[1.264s] 
[1.264s] Installed /home/p-awr/Repos/pc_classifier/build/pc_c
[1.264s] running symlink_data
[1.265s] creating /home/p-awr/Repos/pc_classifier/install/pc_c/share/ament_index
[1.265s] creating /home/p-awr/Repos/pc_classifier/install/pc_c/share/ament_index/resource_index
[1.265s] creating /home/p-awr/Repos/pc_classifier/install/pc_c/share/ament_index/resource_index/packages
[1.265s] symbolically linking /home/p-awr/Repos/pc_classifier/build/pc_c/resource/pc_c -> /home/p-awr/Repos/pc_classifier/install/pc_c/share/ament_index/resource_index/packages
[1.265s] symbolically linking /home/p-awr/Repos/pc_classifier/build/pc_c/package.xml -> /home/p-awr/Repos/pc_classifier/install/pc_c/share/pc_c
[1.290s] Invoked command in '/home/p-awr/Repos/pc_classifier/build/pc_c' returned '0': PYTHONPATH=/home/p-awr/Repos/pc_classifier/build/pc_c/prefix_override:/home/p-awr/Repos/pc_classifier/install/pc_c/lib/python3.10/site-packages:${PYTHONPATH} /usr/bin/python3 -W ignore:setup.py install is deprecated setup.py develop --editable --build-directory /home/p-awr/Repos/pc_classifier/build/pc_c/build --no-deps symlink_data
