[0.772s] Invoking command in '/home/p-awr/Repos/pc_classifier/build/pc_c': PYTHONPATH=/home/p-awr/Repos/pc_classifier/build/pc_c/prefix_override:/home/p-awr/Repos/pc_classifier/install/pc_c/lib/python3.10/site-packages:${PYTHONPATH} /usr/bin/python3 -W ignore:setup.py install is deprecated setup.py develop --uninstall --editable --build-directory /home/p-awr/Repos/pc_classifier/build/pc_c/build
[1.067s] running develop
[1.067s] /home/p-awr/.local/lib/python3.10/site-packages/setuptools/command/develop.py:40: EasyInstallDeprecationWarning: easy_install command is deprecated.
[1.067s] !!
[1.067s] 
[1.067s]         ********************************************************************************
[1.067s]         Please avoid running ``setup.py`` and ``easy_install``.
[1.067s]         Instead, use pypa/build, pypa/installer or other
[1.067s]         standards-based tools.
[1.067s] 
[1.067s]         See https://github.com/pypa/setuptools/issues/917 for details.
[1.067s]         ********************************************************************************
[1.067s] 
[1.067s] !!
[1.067s]   easy_install.initialize_options(self)
[1.295s] Removing /home/p-awr/Repos/pc_classifier/install/pc_c/lib/python3.10/site-packages/pc-c.egg-link (link to .)
[1.325s] Invoked command in '/home/p-awr/Repos/pc_classifier/build/pc_c' returned '0': PYTHONPATH=/home/p-awr/Repos/pc_classifier/build/pc_c/prefix_override:/home/p-awr/Repos/pc_classifier/install/pc_c/lib/python3.10/site-packages:${PYTHONPATH} /usr/bin/python3 -W ignore:setup.py install is deprecated setup.py develop --uninstall --editable --build-directory /home/p-awr/Repos/pc_classifier/build/pc_c/build
[1.326s] Invoking command in '/home/p-awr/Repos/pc_classifier/src/pc_c': PYTHONPATH=/home/p-awr/Repos/pc_classifier/build/pc_c/prefix_override:/home/p-awr/Repos/pc_classifier/install/pc_c/lib/python3.10/site-packages:${PYTHONPATH} /usr/bin/python3 -W ignore:setup.py install is deprecated setup.py egg_info --egg-base ../../build/pc_c build --build-base /home/p-awr/Repos/pc_classifier/build/pc_c/build install --record /home/p-awr/Repos/pc_classifier/build/pc_c/install.log --single-version-externally-managed install_data --force
[1.576s] running egg_info
[1.593s] writing ../../build/pc_c/pc_c.egg-info/PKG-INFO
[1.593s] writing dependency_links to ../../build/pc_c/pc_c.egg-info/dependency_links.txt
[1.593s] writing entry points to ../../build/pc_c/pc_c.egg-info/entry_points.txt
[1.593s] writing requirements to ../../build/pc_c/pc_c.egg-info/requires.txt
[1.594s] writing top-level names to ../../build/pc_c/pc_c.egg-info/top_level.txt
[1.627s] reading manifest file '../../build/pc_c/pc_c.egg-info/SOURCES.txt'
[1.627s] adding license file 'LICENSE'
[1.628s] writing manifest file '../../build/pc_c/pc_c.egg-info/SOURCES.txt'
[1.628s] running build
[1.628s] running build_py
[1.628s] creating /home/p-awr/Repos/pc_classifier/build/pc_c/build
[1.628s] creating /home/p-awr/Repos/pc_classifier/build/pc_c/build/lib
[1.628s] creating /home/p-awr/Repos/pc_classifier/build/pc_c/build/lib/pc_c
[1.628s] copying pc_c/LidarReaderNode.py -> /home/p-awr/Repos/pc_classifier/build/pc_c/build/lib/pc_c
[1.629s] copying pc_c/__init__.py -> /home/p-awr/Repos/pc_classifier/build/pc_c/build/lib/pc_c
[1.629s] copying pc_c/DisplayNode.py -> /home/p-awr/Repos/pc_classifier/build/pc_c/build/lib/pc_c
[1.629s] copying pc_c/ClassifierNode.py -> /home/p-awr/Repos/pc_classifier/build/pc_c/build/lib/pc_c
[1.629s] running install
[1.634s] running install_lib
[1.650s] creating /home/p-awr/Repos/pc_classifier/install/pc_c/lib/python3.10/site-packages/pc_c
[1.651s] copying /home/p-awr/Repos/pc_classifier/build/pc_c/build/lib/pc_c/LidarReaderNode.py -> /home/p-awr/Repos/pc_classifier/install/pc_c/lib/python3.10/site-packages/pc_c
[1.651s] copying /home/p-awr/Repos/pc_classifier/build/pc_c/build/lib/pc_c/__init__.py -> /home/p-awr/Repos/pc_classifier/install/pc_c/lib/python3.10/site-packages/pc_c
[1.651s] copying /home/p-awr/Repos/pc_classifier/build/pc_c/build/lib/pc_c/DisplayNode.py -> /home/p-awr/Repos/pc_classifier/install/pc_c/lib/python3.10/site-packages/pc_c
[1.651s] copying /home/p-awr/Repos/pc_classifier/build/pc_c/build/lib/pc_c/ClassifierNode.py -> /home/p-awr/Repos/pc_classifier/install/pc_c/lib/python3.10/site-packages/pc_c
[1.651s] byte-compiling /home/p-awr/Repos/pc_classifier/install/pc_c/lib/python3.10/site-packages/pc_c/LidarReaderNode.py to LidarReaderNode.cpython-310.pyc
[1.652s] byte-compiling /home/p-awr/Repos/pc_classifier/install/pc_c/lib/python3.10/site-packages/pc_c/__init__.py to __init__.cpython-310.pyc
[1.652s] byte-compiling /home/p-awr/Repos/pc_classifier/install/pc_c/lib/python3.10/site-packages/pc_c/DisplayNode.py to DisplayNode.cpython-310.pyc
[1.652s] byte-compiling /home/p-awr/Repos/pc_classifier/install/pc_c/lib/python3.10/site-packages/pc_c/ClassifierNode.py to ClassifierNode.cpython-310.pyc
[1.652s] running install_data
[1.653s] copying resource/pc_c -> /home/p-awr/Repos/pc_classifier/install/pc_c/share/ament_index/resource_index/packages
[1.653s] copying package.xml -> /home/p-awr/Repos/pc_classifier/install/pc_c/share/pc_c
[1.653s] running install_egg_info
[1.670s] Copying ../../build/pc_c/pc_c.egg-info to /home/p-awr/Repos/pc_classifier/install/pc_c/lib/python3.10/site-packages/pc_c-0.0.0-py3.10.egg-info
[1.671s] running install_scripts
[1.809s] Installing classify script to /home/p-awr/Repos/pc_classifier/install/pc_c/lib/pc_c
[1.809s] Installing display script to /home/p-awr/Repos/pc_classifier/install/pc_c/lib/pc_c
[1.809s] Installing lidar script to /home/p-awr/Repos/pc_classifier/install/pc_c/lib/pc_c
[1.809s] writing list of installed files to '/home/p-awr/Repos/pc_classifier/build/pc_c/install.log'
[1.834s] Invoked command in '/home/p-awr/Repos/pc_classifier/src/pc_c' returned '0': PYTHONPATH=/home/p-awr/Repos/pc_classifier/build/pc_c/prefix_override:/home/p-awr/Repos/pc_classifier/install/pc_c/lib/python3.10/site-packages:${PYTHONPATH} /usr/bin/python3 -W ignore:setup.py install is deprecated setup.py egg_info --egg-base ../../build/pc_c build --build-base /home/p-awr/Repos/pc_classifier/build/pc_c/build install --record /home/p-awr/Repos/pc_classifier/build/pc_c/install.log --single-version-externally-managed install_data --force
