[0.678s] Invoking command in '/home/p-awr/Repos/pc_classifier/src/pc_c': PYTHONPATH=/home/p-awr/Repos/pc_classifier/build/pc_c/prefix_override:/home/p-awr/Repos/pc_classifier/install/pc_c/lib/python3.10/site-packages:${PYTHONPATH} /usr/bin/python3 -W ignore:setup.py install is deprecated setup.py egg_info --egg-base ../../build/pc_c build --build-base /home/p-awr/Repos/pc_classifier/build/pc_c/build install --record /home/p-awr/Repos/pc_classifier/build/pc_c/install.log --single-version-externally-managed install_data
[0.898s] running egg_info
[0.913s] writing ../../build/pc_c/pc_c.egg-info/PKG-INFO
[0.913s] writing dependency_links to ../../build/pc_c/pc_c.egg-info/dependency_links.txt
[0.913s] writing entry points to ../../build/pc_c/pc_c.egg-info/entry_points.txt
[0.914s] writing requirements to ../../build/pc_c/pc_c.egg-info/requires.txt
[0.914s] writing top-level names to ../../build/pc_c/pc_c.egg-info/top_level.txt
[0.945s] reading manifest file '../../build/pc_c/pc_c.egg-info/SOURCES.txt'
[0.945s] adding license file 'LICENSE'
[0.945s] writing manifest file '../../build/pc_c/pc_c.egg-info/SOURCES.txt'
[0.946s] running build
[0.946s] running build_py
[0.946s] copying pc_c/LidarReaderNode.py -> /home/p-awr/Repos/pc_classifier/build/pc_c/build/lib/pc_c
[0.946s] copying pc_c/__init__.py -> /home/p-awr/Repos/pc_classifier/build/pc_c/build/lib/pc_c
[0.946s] copying pc_c/DisplayNode.py -> /home/p-awr/Repos/pc_classifier/build/pc_c/build/lib/pc_c
[0.946s] copying pc_c/ClassifierNode.py -> /home/p-awr/Repos/pc_classifier/build/pc_c/build/lib/pc_c
[0.946s] running install
[0.951s] running install_lib
[0.967s] copying /home/p-awr/Repos/pc_classifier/build/pc_c/build/lib/pc_c/DisplayNode.py -> /home/p-awr/Repos/pc_classifier/install/pc_c/lib/python3.10/site-packages/pc_c
[0.967s] byte-compiling /home/p-awr/Repos/pc_classifier/install/pc_c/lib/python3.10/site-packages/pc_c/DisplayNode.py to DisplayNode.cpython-310.pyc
[0.968s] running install_data
[0.968s] copying resource/pc_c -> /home/p-awr/Repos/pc_classifier/install/pc_c/share/ament_index/resource_index/packages
[0.968s] copying package.xml -> /home/p-awr/Repos/pc_classifier/install/pc_c/share/pc_c
[0.968s] running install_egg_info
[0.984s] removing '/home/p-awr/Repos/pc_classifier/install/pc_c/lib/python3.10/site-packages/pc_c-0.0.0-py3.10.egg-info' (and everything under it)
[0.985s] Copying ../../build/pc_c/pc_c.egg-info to /home/p-awr/Repos/pc_classifier/install/pc_c/lib/python3.10/site-packages/pc_c-0.0.0-py3.10.egg-info
[0.985s] running install_scripts
[1.112s] Installing classifier script to /home/p-awr/Repos/pc_classifier/install/pc_c/lib/pc_c
[1.113s] Installing display script to /home/p-awr/Repos/pc_classifier/install/pc_c/lib/pc_c
[1.113s] Installing lidar script to /home/p-awr/Repos/pc_classifier/install/pc_c/lib/pc_c
[1.113s] writing list of installed files to '/home/p-awr/Repos/pc_classifier/build/pc_c/install.log'
[1.136s] Invoked command in '/home/p-awr/Repos/pc_classifier/src/pc_c' returned '0': PYTHONPATH=/home/p-awr/Repos/pc_classifier/build/pc_c/prefix_override:/home/p-awr/Repos/pc_classifier/install/pc_c/lib/python3.10/site-packages:${PYTHONPATH} /usr/bin/python3 -W ignore:setup.py install is deprecated setup.py egg_info --egg-base ../../build/pc_c build --build-base /home/p-awr/Repos/pc_classifier/build/pc_c/build install --record /home/p-awr/Repos/pc_classifier/build/pc_c/install.log --single-version-externally-managed install_data
