/home/p-awr/Repos/pc_classifier/install/pc_c/lib/python3.10/site-packages/pc_c/LidarReaderNode.py
/home/p-awr/Repos/pc_classifier/install/pc_c/lib/python3.10/site-packages/pc_c/__init__.py
/home/p-awr/Repos/pc_classifier/install/pc_c/lib/python3.10/site-packages/pc_c/DisplayNode.py
/home/p-awr/Repos/pc_classifier/install/pc_c/lib/python3.10/site-packages/pc_c/ClassifierNode.py
/home/p-awr/Repos/pc_classifier/install/pc_c/lib/python3.10/site-packages/pc_c/__pycache__/LidarReaderNode.cpython-310.pyc
/home/p-awr/Repos/pc_classifier/install/pc_c/lib/python3.10/site-packages/pc_c/__pycache__/__init__.cpython-310.pyc
/home/p-awr/Repos/pc_classifier/install/pc_c/lib/python3.10/site-packages/pc_c/__pycache__/DisplayNode.cpython-310.pyc
/home/p-awr/Repos/pc_classifier/install/pc_c/lib/python3.10/site-packages/pc_c/__pycache__/ClassifierNode.cpython-310.pyc
/home/p-awr/Repos/pc_classifier/install/pc_c/share/ament_index/resource_index/packages/pc_c
/home/p-awr/Repos/pc_classifier/install/pc_c/share/pc_c/package.xml
/home/p-awr/Repos/pc_classifier/install/pc_c/lib/python3.10/site-packages/pc_c-0.0.0-py3.10.egg-info/dependency_links.txt
/home/p-awr/Repos/pc_classifier/install/pc_c/lib/python3.10/site-packages/pc_c-0.0.0-py3.10.egg-info/PKG-INFO
/home/p-awr/Repos/pc_classifier/install/pc_c/lib/python3.10/site-packages/pc_c-0.0.0-py3.10.egg-info/entry_points.txt
/home/p-awr/Repos/pc_classifier/install/pc_c/lib/python3.10/site-packages/pc_c-0.0.0-py3.10.egg-info/SOURCES.txt
/home/p-awr/Repos/pc_classifier/install/pc_c/lib/python3.10/site-packages/pc_c-0.0.0-py3.10.egg-info/zip-safe
/home/p-awr/Repos/pc_classifier/install/pc_c/lib/python3.10/site-packages/pc_c-0.0.0-py3.10.egg-info/requires.txt
/home/p-awr/Repos/pc_classifier/install/pc_c/lib/python3.10/site-packages/pc_c-0.0.0-py3.10.egg-info/top_level.txt
/home/p-awr/Repos/pc_classifier/install/pc_c/lib/pc_c/classifier
/home/p-awr/Repos/pc_classifier/install/pc_c/lib/pc_c/display
/home/p-awr/Repos/pc_classifier/install/pc_c/lib/pc_c/lidar
